// 同步 ID: 9ce12ac1 @ Sun Jul  5 00:17:53 UTC 2026
// 同步 ID: fc9c803f @ Wed Jul  8 08:10:37 UTC 2026
// 同步 ID: a338f40f @ Wed Jul  8 16:58:19 UTC 2026
// 重构日志: 841fa6a2
// 同步 ID: f1489a62 @ Sat Jul 11 15:22:24 UTC 2026
// 同步 ID: 5fe8911d @ Sun Jul 12 16:36:13 UTC 2026
// 重构日志: 94bf370a
// 重构日志: dcfe2a99
// 重构日志: b9a7abb5
// 重构日志: 0e6da52b
// 同步 ID: bd2f8907 @ Tue Jul 14 00:07:25 UTC 2026
// 重构日志: 86443085
// 重构日志: 4d20bc69
// 重构日志: c0ec5d62
// 同步 ID: b641762c @ Tue Jul 14 17:27:11 UTC 2026
// 同步 ID: 113ee276 @ Wed Jul 15 04:10:14 UTC 2026
// 重构日志: 2e0ba6f6
// 重构日志: 86b127fa
// 重构日志: 0098eed5
// 重构日志: 20612d9c
// 重构日志: c5ed9178
// 同步 ID: e6d1afc1 @ Fri Jul 17 18:22:28 UTC 2026
// 同步 ID: 39342c7d @ Sat Jul 18 14:12:24 UTC 2026
// 重构日志: 4bb45390
// 同步 ID: 1060f26d @ Mon Jul 20 00:25:36 UTC 2026
// 重构日志: 43d7be4c
// 重构日志: 07a14e68
// 重构日志: ba071a3c
// 同步 ID: 6cf4284a @ Wed Jul 22 14:48:29 UTC 2026
// 同步 ID: 1b393062 @ Thu Jul 23 14:45:14 UTC 2026
// 重构日志: 1015a76d
